20:16:50 **** Incremental Build of configuration Debug for project potato_temp ****
make all 
make --no-print-directory pre-build
a9-linaro-pre-build-step
' '
make --no-print-directory main-build
'Building file: ../src/helloworld.c'
'Invoking: ARM v7 gcc compiler'
arm-none-eabi-gcc -Wall -O0 -g3 -c -fmessage-length=0 -MT"src/helloworld.o" -mcpu=cortex-a9 -mfpu=vfpv3 -mfloat-abi=hard -IC:/Users/david/workspace/design_1_wrapper/export/design_1_wrapper/sw/design_1_wrapper/standalone_ps7_cortexa9_0/bspinclude/include -MMD -MP -MF"src/helloworld.d" -MT"src/helloworld.o" -o "src/helloworld.o" "../src/helloworld.c"
'Finished building: ../src/helloworld.c'
' '
'Building target: potato_temp.elf'
'Invoking: ARM v7 gcc linker'
arm-none-eabi-gcc -mcpu=cortex-a9 -mfpu=vfpv3 -mfloat-abi=hard -Wl,-build-id=none -specs=Xilinx.spec -Wl,-T -Wl,../src/lscript.ld -LC:/Users/david/workspace/design_1_wrapper/export/design_1_wrapper/sw/design_1_wrapper/standalone_ps7_cortexa9_0/bsplib/lib -o "potato_temp.elf"  ./src/helloworld.o ./src/platform.o   
c:/xilinx/vitis/2023.2/gnu/aarch32/nt/gcc-arm-none-eabi/x86_64-oesdk-mingw32/usr/bin/arm-xilinx-eabi/../../libexec/arm-xilinx-eabi/gcc/arm-xilinx-eabi/12.2.0/ld.exe: warning: cannot find entry symbol _vector_table; defaulting to 0000000000100000
c:/xilinx/vitis/2023.2/gnu/aarch32/nt/gcc-arm-none-eabi/x86_64-oesdk-mingw32/usr/bin/arm-xilinx-eabi/../../libexec/arm-xilinx-eabi/gcc/arm-xilinx-eabi/12.2.0/ld.exe: ./src/helloworld.o: in function `main':
C:\Users\david\workspace\potato_temp\Debug/../src/helloworld.c:29: undefined reference to `xil_printf'
c:/xilinx/vitis/2023.2/gnu/aarch32/nt/gcc-arm-none-eabi/x86_64-oesdk-mingw32/usr/bin/arm-xilinx-eabi/../../libexec/arm-xilinx-eabi/gcc/arm-xilinx-eabi/12.2.0/ld.exe: C:\Users\david\workspace\potato_temp\Debug/../src/helloworld.c:30: undefined reference to `xil_printf'
collect2.exe: error: ld returned 1 exit status
make[1]: *** [makefile:43: potato_temp.elf] Error 1
make: *** [makefile:34: all] Error 2

20:16:51 Build Finished (took 613ms)

